<?xml version="1.0" encoding="UTF-8"?>
<!-- Generated by org.testng.reporters.JUnitReportReporter -->
<testsuite hostname="DESKTOP-M67CGN5" failures="0" tests="1" name="Test.Registertest" time="1.097" errors="0" timestamp="2023-07-11T22:23:06 IST" skipped="0">
  <testcase classname="Test.Registertest" name="test" time="1.097"/>
</testsuite> <!-- Test.Registertest -->
