<?xml version="1.0" encoding="UTF-8"?>
<!-- Generated by org.testng.reporters.JUnitReportReporter -->
<testsuite hostname="DESKTOP-M67CGN5" failures="0" tests="3" name="Pakg.TestNGprgm" time="2.592" errors="0" timestamp="2023-06-27T12:54:36 IST" skipped="0">
  <testcase classname="Pakg.TestNGprgm" name="titleVerifiation" time="0.946"/>
  <testcase classname="Pakg.TestNGprgm" name="test1" time="0.889"/>
  <testcase classname="Pakg.TestNGprgm" name="contentverification" time="0.757"/>
</testsuite> <!-- Pakg.TestNGprgm -->
