<?xml version="1.0" encoding="UTF-8"?>
<!-- Generated by org.testng.reporters.JUnitReportReporter -->
<testsuite hostname="DESKTOP-M67CGN5" failures="0" tests="1" name="Testng.Demosite" time="0.463" errors="0" timestamp="2023-06-30T13:02:58 IST" skipped="0">
  <testcase classname="Testng.Demosite" name="demo" time="0.463"/>
</testsuite> <!-- Testng.Demosite -->
