<?xml version="1.0" encoding="UTF-8"?>
<!-- Generated by org.testng.reporters.JUnitReportReporter -->
<testsuite hostname="DESKTOP-M67CGN5" failures="0" tests="1" name="Testng.Windownotfication" time="2.052" errors="0" timestamp="2023-07-14T11:24:16 IST" skipped="0">
  <testcase classname="Testng.Windownotfication" name="test" time="2.052"/>
</testsuite> <!-- Testng.Windownotfication -->
