<?xml version="1.0" encoding="UTF-8"?>
<!-- Generated by org.testng.reporters.JUnitReportReporter -->
<testsuite hostname="DESKTOP-M67CGN5" failures="0" tests="1" name="Test.Logintestblaze" time="0.824" errors="0" timestamp="2023-07-11T22:23:36 IST" skipped="0">
  <testcase classname="Test.Logintestblaze" name="test" time="0.824"/>
</testsuite> <!-- Test.Logintestblaze -->
