<?xml version="1.0" encoding="UTF-8"?>
<!-- Generated by org.testng.reporters.JUnitReportReporter -->
<testsuite hostname="DESKTOP-M67CGN5" failures="0" tests="1" name="Testng.Rediffdropdown" time="3.425" errors="0" timestamp="2023-07-12T15:59:03 IST" skipped="0">
  <testcase classname="Testng.Rediffdropdown" name="dropdrown" time="3.425"/>
</testsuite> <!-- Testng.Rediffdropdown -->
