<?xml version="1.0" encoding="UTF-8"?>
<!-- Generated by org.testng.reporters.JUnitReportReporter -->
<testsuite hostname="DESKTOP-M67CGN5" failures="0" tests="1" name="Test.Fblogintest" time="9.374" errors="0" timestamp="2023-07-10T12:43:32 IST" skipped="0">
  <testcase classname="Test.Fblogintest" name="test" time="9.374"/>
</testsuite> <!-- Test.Fblogintest -->
