<?xml version="1.0" encoding="UTF-8"?>
<!-- Generated by org.testng.reporters.JUnitReportReporter -->
<testsuite hostname="DESKTOP-M67CGN5" failures="0" tests="1" name="Testng.Fileupload" time="5.910" errors="0" timestamp="2023-07-05T22:13:24 IST" skipped="0">
  <testcase classname="Testng.Fileupload" name="demo" time="5.910"/>
</testsuite> <!-- Testng.Fileupload -->
