<?xml version="1.0" encoding="UTF-8"?>
<!-- Generated by org.testng.reporters.JUnitReportReporter -->
<testsuite hostname="DESKTOP-M67CGN5" failures="0" tests="1" name="Test.Fbcreatetest" time="2.278" errors="0" timestamp="2023-07-10T12:39:57 IST" skipped="0">
  <testcase classname="Test.Fbcreatetest" name="test" time="2.278"/>
</testsuite> <!-- Test.Fbcreatetest -->
