<?xml version="1.0" encoding="UTF-8"?>
<!-- Generated by org.testng.reporters.JUnitReportReporter -->
<testsuite hostname="DESKTOP-M67CGN5" failures="0" tests="2" name="Testng.Flipcartprg" time="4.039" errors="0" timestamp="2023-07-23T20:02:55 IST" skipped="0">
  <testcase classname="Testng.Flipcartprg" name="test" time="3.764"/>
  <testcase classname="Testng.Flipcartprg" name="faacebooksetvaue" time="0.275"/>
</testsuite> <!-- Testng.Flipcartprg -->
