<?xml version="1.0" encoding="UTF-8"?>
<!-- Generated by org.testng.reporters.JUnitReportReporter -->
<testsuite hostname="DESKTOP-M67CGN5" failures="0" tests="1" name="Testng.Fileuploadauto" time="48.493" errors="0" timestamp="2023-07-05T20:39:10 IST" skipped="0">
  <testcase classname="Testng.Fileuploadauto" name="test" time="48.493"/>
</testsuite> <!-- Testng.Fileuploadauto -->
