<?xml version="1.0" encoding="UTF-8"?>
<!-- Generated by org.testng.reporters.JUnitReportReporter -->
<testsuite hostname="DESKTOP-M67CGN5" failures="0" tests="1" name="Testng.Datadriventest" time="21.183" errors="0" timestamp="2023-07-05T21:04:01 IST" skipped="0">
  <testcase classname="Testng.Datadriventest" name="datadriven" time="21.183"/>
</testsuite> <!-- Testng.Datadriventest -->
