<?xml version="1.0" encoding="UTF-8"?>
<!-- Generated by org.testng.reporters.JUnitReportReporter -->
<testsuite hostname="DESKTOP-M67CGN5" failures="0" tests="1" name="Testng.Copypaste$Rediffdropdown" time="0.568" errors="0" timestamp="2023-06-30T11:40:45 IST" skipped="0">
  <testcase classname="Testng.Copypaste$Rediffdropdown" name="copyPaste" time="0.568"/>
</testsuite> <!-- Testng.Copypaste$Rediffdropdown -->
