<?xml version="1.0" encoding="UTF-8"?>
<!-- Generated by org.testng.reporters.JUnitReportReporter -->
<testsuite hostname="DESKTOP-M67CGN5" failures="0" tests="1" name="Testng.Googleparameter" time="0.129" errors="0" timestamp="2023-06-28T12:53:54 IST" skipped="0">
  <testcase classname="Testng.Googleparameter" name="search" time="0.129"/>
</testsuite> <!-- Testng.Googleparameter -->
