<?xml version="1.0" encoding="UTF-8"?>
<!-- Generated by org.testng.reporters.JUnitReportReporter -->
<testsuite hostname="DESKTOP-M67CGN5" failures="0" tests="1" name="Testng.Windowhndlerprg" time="5.571" errors="0" timestamp="2023-07-07T11:51:13 IST" skipped="0">
  <testcase classname="Testng.Windowhndlerprg" name="handler" time="5.571"/>
</testsuite> <!-- Testng.Windowhndlerprg -->
