<?xml version="1.0" encoding="UTF-8"?>
<!-- Generated by org.testng.reporters.JUnitReportReporter -->
<testsuite hostname="DESKTOP-M67CGN5" failures="0" tests="1" name="Testng.Scrolldown" time="4.436" errors="0" timestamp="2023-07-20T18:13:18 IST" skipped="0">
  <testcase classname="Testng.Scrolldown" name="test" time="4.436"/>
</testsuite> <!-- Testng.Scrolldown -->
