<?xml version="1.0" encoding="UTF-8"?>
<!-- Generated by org.testng.reporters.JUnitReportReporter -->
<testsuite hostname="DESKTOP-M67CGN5" failures="0" tests="1" name="Testng.Dragprgm" time="0.601" errors="0" timestamp="2023-06-30T12:48:51 IST" skipped="0">
  <testcase classname="Testng.Dragprgm" name="drag" time="0.601"/>
</testsuite> <!-- Testng.Dragprgm -->
