<?xml version="1.0" encoding="UTF-8"?>
<!-- Generated by org.testng.reporters.JUnitReportReporter -->
<testsuite hostname="DESKTOP-M67CGN5" failures="0" tests="1" name="Testng.Testlogindatadriven" time="2.648" errors="0" timestamp="2023-07-05T21:55:09 IST" skipped="0">
  <testcase classname="Testng.Testlogindatadriven" name="testlogin" time="2.648"/>
</testsuite> <!-- Testng.Testlogindatadriven -->
